** Drc report for placa.kicad_pcb **
** Created on 2026-06-03T21:24:08 **
** Report includes: Errors, Warnings **

** Found 43 DRC violations **
[starved_thermal]: A conexão do alívio térmico na zona está incompleta (camada B.Cu; zona quantidade de raio mín 2; atual 1)
    Local override; error
    @(145.0000 mm, 34.5000 mm): Zone 'Massa' [GND] on B.Cu, priority 0
    @(178.6900 mm, 116.5000 mm): PTH pad 1 [GND] of R20
[starved_thermal]: A conexão do alívio térmico na zona está incompleta (camada B.Cu; zona quantidade de raio mín 2; atual 1)
    Local override; error
    @(145.0000 mm, 34.5000 mm): Zone 'Massa' [GND] on B.Cu, priority 0
    @(178.6900 mm, 122.0000 mm): PTH pad 1 [GND] of R19
[starved_thermal]: A conexão do alívio térmico na zona está incompleta (camada B.Cu; zona quantidade de raio mín 2; atual 1)
    Local override; error
    @(145.0000 mm, 34.5000 mm): Zone 'Massa' [GND] on B.Cu, priority 0
    @(182.9200 mm, 62.5600 mm): PTH pad 11 [GND] of U1
[starved_thermal]: A conexão do alívio térmico na zona está incompleta (camada B.Cu; zona quantidade de raio mín 2; atual 1)
    Local override; error
    @(145.0000 mm, 34.5000 mm): Zone 'Massa' [GND] on B.Cu, priority 0
    @(177.6900 mm, 81.4000 mm): PTH pad 3 [GND] of U2
[starved_thermal]: A conexão do alívio térmico na zona está incompleta (camada B.Cu; zona quantidade de raio mín 2; atual 1)
    Local override; error
    @(145.0000 mm, 34.5000 mm): Zone 'Massa' [GND] on B.Cu, priority 0
    @(185.3100 mm, 86.4800 mm): PTH pad 10 [GND] of U2
[starved_thermal]: A conexão do alívio térmico na zona está incompleta (camada B.Cu; zona quantidade de raio mín 2; atual 1)
    Local override; error
    @(145.0000 mm, 34.5000 mm): Zone 'Massa' [GND] on B.Cu, priority 0
    @(185.3100 mm, 83.9400 mm): PTH pad 11 [GND] of U2
[starved_thermal]: A conexão do alívio térmico na zona está incompleta (camada B.Cu; zona quantidade de raio mín 2; atual 1)
    Local override; error
    @(145.0000 mm, 34.5000 mm): Zone 'Massa' [GND] on B.Cu, priority 0
    @(176.5000 mm, 40.1300 mm): PTH pad 1 [GND] of R2
[starved_thermal]: A conexão do alívio térmico na zona está incompleta (camada B.Cu; zona quantidade de raio mín 2; atual 1)
    Local override; error
    @(145.0000 mm, 34.5000 mm): Zone 'Massa' [GND] on B.Cu, priority 0
    @(172.6900 mm, 66.9400 mm): PTH pad 1 [GND] of R7
[starved_thermal]: A conexão do alívio térmico na zona está incompleta (camada B.Cu; zona quantidade de raio mín 2; atual 1)
    Local override; error
    @(145.0000 mm, 34.5000 mm): Zone 'Massa' [GND] on B.Cu, priority 0
    @(162.6900 mm, 60.4400 mm): PTH pad 2 [GND] of R9
[starved_thermal]: A conexão do alívio térmico na zona está incompleta (camada B.Cu; zona quantidade de raio mín 2; atual 1)
    Local override; error
    @(145.0000 mm, 34.5000 mm): Zone 'Massa' [GND] on B.Cu, priority 0
    @(198.3100 mm, 81.4400 mm): PTH pad 2 [GND] of R16
[connection_width]: Conexão de cobre muito estreita (configuração das restrições da placa largura mínima de conexão 0,5000 mm; real 0,4790 mm) (F.Cu)
    Rule: configuração das restrições da placa; warning
    @(256.5000 mm, 34.5000 mm): Zone '12V' [+12V] on F.Cu, priority 1
[text_height]: A altura do texto está fora do alcance (configuração da restrição da altura da serigrafia do texto da placa altura mín 0,8000 mm; atual 0,7000 mm)
    Rule: configuração da restrição da altura da serigrafia do texto da placa; warning
    @(205.3700 mm, 56.9200 mm): Footprint text of U4 (VP/GPIO36)
[text_height]: A altura do texto está fora do alcance (configuração da restrição da altura da serigrafia do texto da placa altura mín 0,8000 mm; atual 0,7000 mm)
    Rule: configuração da restrição da altura da serigrafia do texto da placa; warning
    @(205.3700 mm, 59.4600 mm): Footprint text of U4 (VN/GPIO39)
[text_height]: A altura do texto está fora do alcance (configuração da restrição da altura da serigrafia do texto da placa altura mín 0,8000 mm; atual 0,7000 mm)
    Rule: configuração da restrição da altura da serigrafia do texto da placa; warning
    @(205.3700 mm, 62.0000 mm): Footprint text of U4 (GPIO34)
[text_height]: A altura do texto está fora do alcance (configuração da restrição da altura da serigrafia do texto da placa altura mín 0,8000 mm; atual 0,7000 mm)
    Rule: configuração da restrição da altura da serigrafia do texto da placa; warning
    @(205.3700 mm, 64.5400 mm): Footprint text of U4 (GPIO35)
[text_height]: A altura do texto está fora do alcance (configuração da restrição da altura da serigrafia do texto da placa altura mín 0,8000 mm; atual 0,7000 mm)
    Rule: configuração da restrição da altura da serigrafia do texto da placa; warning
    @(205.3700 mm, 67.0800 mm): Footprint text of U4 (GPIO32)
[text_height]: A altura do texto está fora do alcance (configuração da restrição da altura da serigrafia do texto da placa altura mín 0,8000 mm; atual 0,7000 mm)
    Rule: configuração da restrição da altura da serigrafia do texto da placa; warning
    @(205.3700 mm, 69.6200 mm): Footprint text of U4 (GPIO33)
[text_height]: A altura do texto está fora do alcance (configuração da restrição da altura da serigrafia do texto da placa altura mín 0,8000 mm; atual 0,7000 mm)
    Rule: configuração da restrição da altura da serigrafia do texto da placa; warning
    @(205.3700 mm, 72.1600 mm): Footprint text of U4 (GPIO25)
[text_height]: A altura do texto está fora do alcance (configuração da restrição da altura da serigrafia do texto da placa altura mín 0,8000 mm; atual 0,7000 mm)
    Rule: configuração da restrição da altura da serigrafia do texto da placa; warning
    @(205.3700 mm, 74.7000 mm): Footprint text of U4 (GPIO26)
[text_height]: A altura do texto está fora do alcance (configuração da restrição da altura da serigrafia do texto da placa altura mín 0,8000 mm; atual 0,7000 mm)
    Rule: configuração da restrição da altura da serigrafia do texto da placa; warning
    @(205.3700 mm, 77.2400 mm): Footprint text of U4 (GPIO27)
[text_height]: A altura do texto está fora do alcance (configuração da restrição da altura da serigrafia do texto da placa altura mín 0,8000 mm; atual 0,7000 mm)
    Rule: configuração da restrição da altura da serigrafia do texto da placa; warning
    @(205.3700 mm, 79.7800 mm): Footprint text of U4 (GPIO14/MTMS)
[text_height]: A altura do texto está fora do alcance (configuração da restrição da altura da serigrafia do texto da placa altura mín 0,8000 mm; atual 0,7000 mm)
    Rule: configuração da restrição da altura da serigrafia do texto da placa; warning
    @(205.3700 mm, 82.3200 mm): Footprint text of U4 (GPIO12/MTDI)
[text_height]: A altura do texto está fora do alcance (configuração da restrição da altura da serigrafia do texto da placa altura mín 0,8000 mm; atual 0,7000 mm)
    Rule: configuração da restrição da altura da serigrafia do texto da placa; warning
    @(205.3700 mm, 87.4000 mm): Footprint text of U4 (GPIO13/MTCK)
[text_height]: A altura do texto está fora do alcance (configuração da restrição da altura da serigrafia do texto da placa altura mín 0,8000 mm; atual 0,7000 mm)
    Rule: configuração da restrição da altura da serigrafia do texto da placa; warning
    @(205.3700 mm, 89.9400 mm): Footprint text of U4 (D2)
[text_height]: A altura do texto está fora do alcance (configuração da restrição da altura da serigrafia do texto da placa altura mín 0,8000 mm; atual 0,7000 mm)
    Rule: configuração da restrição da altura da serigrafia do texto da placa; warning
    @(205.3700 mm, 92.4800 mm): Footprint text of U4 (D3)
[text_height]: A altura do texto está fora do alcance (configuração da restrição da altura da serigrafia do texto da placa altura mín 0,8000 mm; atual 0,7000 mm)
    Rule: configuração da restrição da altura da serigrafia do texto da placa; warning
    @(205.3700 mm, 95.0200 mm): Footprint text of U4 (CMD)
[text_height]: A altura do texto está fora do alcance (configuração da restrição da altura da serigrafia do texto da placa altura mín 0,8000 mm; atual 0,7000 mm)
    Rule: configuração da restrição da altura da serigrafia do texto da placa; warning
    @(228.2300 mm, 54.3800 mm): Footprint text of U4 (GPIO23)
[text_height]: A altura do texto está fora do alcance (configuração da restrição da altura da serigrafia do texto da placa altura mín 0,8000 mm; atual 0,7000 mm)
    Rule: configuração da restrição da altura da serigrafia do texto da placa; warning
    @(228.2300 mm, 56.9200 mm): Footprint text of U4 (GPIO22)
[text_height]: A altura do texto está fora do alcance (configuração da restrição da altura da serigrafia do texto da placa altura mín 0,8000 mm; atual 0,7000 mm)
    Rule: configuração da restrição da altura da serigrafia do texto da placa; warning
    @(228.2300 mm, 59.4600 mm): Footprint text of U4 (GPIO1/U0TXD)
[text_height]: A altura do texto está fora do alcance (configuração da restrição da altura da serigrafia do texto da placa altura mín 0,8000 mm; atual 0,7000 mm)
    Rule: configuração da restrição da altura da serigrafia do texto da placa; warning
    @(228.2300 mm, 62.0000 mm): Footprint text of U4 (GPIO3/U0RXD)
[text_height]: A altura do texto está fora do alcance (configuração da restrição da altura da serigrafia do texto da placa altura mín 0,8000 mm; atual 0,7000 mm)
    Rule: configuração da restrição da altura da serigrafia do texto da placa; warning
    @(228.2300 mm, 64.5400 mm): Footprint text of U4 (GPIO21)
[text_height]: A altura do texto está fora do alcance (configuração da restrição da altura da serigrafia do texto da placa altura mín 0,8000 mm; atual 0,7000 mm)
    Rule: configuração da restrição da altura da serigrafia do texto da placa; warning
    @(228.2300 mm, 69.6200 mm): Footprint text of U4 (GPIO19)
[text_height]: A altura do texto está fora do alcance (configuração da restrição da altura da serigrafia do texto da placa altura mín 0,8000 mm; atual 0,7000 mm)
    Rule: configuração da restrição da altura da serigrafia do texto da placa; warning
    @(228.2300 mm, 72.1600 mm): Footprint text of U4 (GPIO18)
[text_height]: A altura do texto está fora do alcance (configuração da restrição da altura da serigrafia do texto da placa altura mín 0,8000 mm; atual 0,7000 mm)
    Rule: configuração da restrição da altura da serigrafia do texto da placa; warning
    @(228.2300 mm, 74.7000 mm): Footprint text of U4 (GPIO5)
[text_height]: A altura do texto está fora do alcance (configuração da restrição da altura da serigrafia do texto da placa altura mín 0,8000 mm; atual 0,7000 mm)
    Rule: configuração da restrição da altura da serigrafia do texto da placa; warning
    @(228.2300 mm, 77.2400 mm): Footprint text of U4 (GPIO17)
[text_height]: A altura do texto está fora do alcance (configuração da restrição da altura da serigrafia do texto da placa altura mín 0,8000 mm; atual 0,7000 mm)
    Rule: configuração da restrição da altura da serigrafia do texto da placa; warning
    @(228.2300 mm, 79.7800 mm): Footprint text of U4 (GPIO16)
[text_height]: A altura do texto está fora do alcance (configuração da restrição da altura da serigrafia do texto da placa altura mín 0,8000 mm; atual 0,7000 mm)
    Rule: configuração da restrição da altura da serigrafia do texto da placa; warning
    @(228.2300 mm, 82.3200 mm): Footprint text of U4 (GPIO4)
[text_height]: A altura do texto está fora do alcance (configuração da restrição da altura da serigrafia do texto da placa altura mín 0,8000 mm; atual 0,7000 mm)
    Rule: configuração da restrição da altura da serigrafia do texto da placa; warning
    @(228.2300 mm, 84.8600 mm): Footprint text of U4 (GPIO0)
[text_height]: A altura do texto está fora do alcance (configuração da restrição da altura da serigrafia do texto da placa altura mín 0,8000 mm; atual 0,7000 mm)
    Rule: configuração da restrição da altura da serigrafia do texto da placa; warning
    @(228.2300 mm, 87.4000 mm): Footprint text of U4 (GPIO2)
[text_height]: A altura do texto está fora do alcance (configuração da restrição da altura da serigrafia do texto da placa altura mín 0,8000 mm; atual 0,7000 mm)
    Rule: configuração da restrição da altura da serigrafia do texto da placa; warning
    @(228.2300 mm, 89.9400 mm): Footprint text of U4 (GPIO15/MTDO)
[text_height]: A altura do texto está fora do alcance (configuração da restrição da altura da serigrafia do texto da placa altura mín 0,8000 mm; atual 0,7000 mm)
    Rule: configuração da restrição da altura da serigrafia do texto da placa; warning
    @(228.2300 mm, 92.4800 mm): Footprint text of U4 (D1)
[text_height]: A altura do texto está fora do alcance (configuração da restrição da altura da serigrafia do texto da placa altura mín 0,8000 mm; atual 0,7000 mm)
    Rule: configuração da restrição da altura da serigrafia do texto da placa; warning
    @(228.2300 mm, 95.0200 mm): Footprint text of U4 (D0)
[text_height]: A altura do texto está fora do alcance (configuração da restrição da altura da serigrafia do texto da placa altura mín 0,8000 mm; atual 0,7000 mm)
    Rule: configuração da restrição da altura da serigrafia do texto da placa; warning
    @(228.2300 mm, 97.5600 mm): Footprint text of U4 (CLK)

** Found 0 unconnected pads **

** Found 0 Footprint errors **

** Ignored checks **
    - Footprint has no courtyard defined
    - Track endpoint not centered on via
    - Tuning profile track geometries
    - Footprint doesn't match symbol's footprint filters
    - Footprint component type doesn't match footprint pads

** End of Report **
